# JRE version: Java(TM) SE Runtime Environment (15.0.2+7) (build 15.0.2+7-27)
# Java VM: Java HotSpot(TM) 64-Bit Server VM (15.0.2+7-27, mixed mode, sharing, tiered, compressed oops, g1 gc, windows-amd64)
GC Precious Log:
 CPUs: 4 total, 4 available
 Memory: 10103M
 Large Page Support: Disabled
 NUMA Support: Disabled
 Compressed Oops: Enabled (32-bit)
 Heap Region Size: 1M
 Heap Min Capacity: 256M
 Heap Initial Capacity: 256M
 Heap Max Capacity: 512M
 Pre-touch: Disabled
 Parallel Workers: 4
 Concurrent Workers: 1
 Concurrent Refinement Workers: 4
 Periodic GC: Disabled
Heap:
 garbage-first heap   total 322560K, used 181295K [0x00000000e0000000, 0x0000000100000000)
  region size 1024K, 20 young (20480K), 11 survivors (11264K)
 Metaspace       used 75763K, capacity 77907K, committed 78128K, reserved 323584K
  class space    used 9827K, capacity 10363K, committed 10368K, reserved 253952K
GC Heap History (20 events):
Event: 65.165 GC heap before
{Heap before GC invocations=16 (full 0):
 garbage-first heap   total 262144K, used 210432K [0x00000000e0000000, 0x0000000100000000)
  region size 1024K, 77 young (78848K), 12 survivors (12288K)
 Metaspace       used 75538K, capacity 77656K, committed 77872K, reserved 321536K
  class space    used 9798K, capacity 10325K, committed 10368K, reserved 253952K
}
Event: 65.185 GC heap after
{Heap after GC invocations=17 (full 0):
 garbage-first heap   total 262144K, used 148480K [0x00000000e0000000, 0x0000000100000000)
  region size 1024K, 6 young (6144K), 6 survivors (6144K)
 Metaspace       used 75538K, capacity 77656K, committed 77872K, reserved 321536K
  class space    used 9798K, capacity 10325K, committed 10368K, reserved 253952K
}
Event: 66.548 GC heap before
{Heap before GC invocations=18 (full 0):
 garbage-first heap   total 262144K, used 202752K [0x00000000e0000000, 0x0000000100000000)
  region size 1024K, 71 young (72704K), 6 survivors (6144K)
 Metaspace       used 75538K, capacity 77656K, committed 77872K, reserved 321536K
  class space    used 9798K, capacity 10325K, committed 10368K, reserved 253952K
}
Event: 66.561 GC heap after
{Heap after GC invocations=19 (full 0):
 garbage-first heap   total 262144K, used 139085K [0x00000000e0000000, 0x0000000100000000)
  region size 1024K, 6 young (6144K), 6 survivors (6144K)
 Metaspace       used 75538K, capacity 77656K, committed 77872K, reserved 321536K
  class space    used 9798K, capacity 10325K, committed 10368K, reserved 253952K
}
Event: 67.779 GC heap before
{Heap before GC invocations=19 (full 0):
 garbage-first heap   total 262144K, used 210765K [0x00000000e0000000, 0x0000000100000000)
  region size 1024K, 76 young (77824K), 6 survivors (6144K)
 Metaspace       used 75538K, capacity 77656K, committed 77872K, reserved 321536K
  class space    used 9798K, capacity 10325K, committed 10368K, reserved 253952K
}
Event: 67.794 GC heap after
{Heap after GC invocations=20 (full 0):
 garbage-first heap   total 262144K, used 142859K [0x00000000e0000000, 0x0000000100000000)
  region size 1024K, 6 young (6144K), 6 survivors (6144K)
 Metaspace       used 75538K, capacity 77656K, committed 77872K, reserved 321536K
  class space    used 9798K, capacity 10325K, committed 10368K, reserved 253952K
}
Event: 69.431 GC heap before
{Heap before GC invocations=21 (full 0):
 garbage-first heap   total 265216K, used 214539K [0x00000000e0000000, 0x0000000100000000)
  region size 1024K, 76 young (77824K), 6 survivors (6144K)
 Metaspace       used 75542K, capacity 77662K, committed 77872K, reserved 321536K
  class space    used 9798K, capacity 10326K, committed 10368K, reserved 253952K
}
Event: 69.445 GC heap after
{Heap after GC invocations=22 (full 0):
 garbage-first heap   total 265216K, used 146222K [0x00000000e0000000, 0x0000000100000000)
  region size 1024K, 6 young (6144K), 6 survivors (6144K)
 Metaspace       used 75542K, capacity 77662K, committed 77872K, reserved 321536K
  class space    used 9798K, capacity 10326K, committed 10368K, reserved 253952K
}
Event: 71.086 GC heap before
{Heap before GC invocations=22 (full 0):
 garbage-first heap   total 265216K, used 217902K [0x00000000e0000000, 0x0000000100000000)
  region size 1024K, 76 young (77824K), 6 survivors (6144K)
 Metaspace       used 75543K, capacity 77662K, committed 77872K, reserved 321536K
  class space    used 9798K, capacity 10326K, committed 10368K, reserved 253952K
}
Event: 71.102 GC heap after
{Heap after GC invocations=23 (full 0):
 garbage-first heap   total 265216K, used 149780K [0x00000000e0000000, 0x0000000100000000)
  region size 1024K, 9 young (9216K), 9 survivors (9216K)
 Metaspace       used 75543K, capacity 77662K, committed 77872K, reserved 321536K
  class space    used 9798K, capacity 10326K, committed 10368K, reserved 253952K
}
Event: 72.589 GC heap before
{Heap before GC invocations=24 (full 0):
 garbage-first heap   total 280576K, used 218388K [0x00000000e0000000, 0x0000000100000000)
  region size 1024K, 76 young (77824K), 9 survivors (9216K)
 Metaspace       used 75546K, capacity 77662K, committed 77872K, reserved 321536K
  class space    used 9798K, capacity 10326K, committed 10368K, reserved 253952K
}
Event: 72.610 GC heap after
{Heap after GC invocations=25 (full 0):
 garbage-first heap   total 280576K, used 153828K [0x00000000e0000000, 0x0000000100000000)
  region size 1024K, 7 young (7168K), 7 survivors (7168K)
 Metaspace       used 75546K, capacity 77662K, committed 77872K, reserved 321536K
  class space    used 9798K, capacity 10326K, committed 10368K, reserved 253952K
}
Event: 73.430 GC heap before
{Heap before GC invocations=25 (full 0):
 garbage-first heap   total 280576K, used 230628K [0x00000000e0000000, 0x0000000100000000)
  region size 1024K, 82 young (83968K), 7 survivors (7168K)
 Metaspace       used 75546K, capacity 77662K, committed 77872K, reserved 321536K
  class space    used 9798K, capacity 10326K, committed 10368K, reserved 253952K
}
Event: 73.451 GC heap after
{Heap after GC invocations=26 (full 0):
 garbage-first heap   total 280576K, used 157761K [0x00000000e0000000, 0x0000000100000000)
  region size 1024K, 7 young (7168K), 7 survivors (7168K)
 Metaspace       used 75546K, capacity 77662K, committed 77872K, reserved 321536K
  class space    used 9798K, capacity 10326K, committed 10368K, reserved 253952K
}
Event: 74.128 GC heap before
{Heap before GC invocations=27 (full 0):
 garbage-first heap   total 322560K, used 229441K [0x00000000e0000000, 0x0000000100000000)
  region size 1024K, 77 young (78848K), 7 survivors (7168K)
 Metaspace       used 75546K, capacity 77662K, committed 77872K, reserved 321536K
  class space    used 9798K, capacity 10326K, committed 10368K, reserved 253952K
}
Event: 74.145 GC heap after
{Heap after GC invocations=28 (full 0):
 garbage-first heap   total 322560K, used 161570K [0x00000000e0000000, 0x0000000100000000)
  region size 1024K, 6 young (6144K), 6 survivors (6144K)
 Metaspace       used 75546K, capacity 77662K, committed 77872K, reserved 321536K
  class space    used 9798K, capacity 10326K, committed 10368K, reserved 253952K
}
Event: 76.105 GC heap before
{Heap before GC invocations=28 (full 0):
 garbage-first heap   total 322560K, used 263970K [0x00000000e0000000, 0x0000000100000000)
  region size 1024K, 106 young (108544K), 6 survivors (6144K)
 Metaspace       used 75546K, capacity 77662K, committed 77872K, reserved 321536K
  class space    used 9798K, capacity 10326K, committed 10368K, reserved 253952K
}
Event: 76.122 GC heap after
{Heap after GC invocations=29 (full 0):
 garbage-first heap   total 322560K, used 165941K [0x00000000e0000000, 0x0000000100000000)
  region size 1024K, 11 young (11264K), 11 survivors (11264K)
 Metaspace       used 75546K, capacity 77662K, committed 77872K, reserved 321536K
  class space    used 9798K, capacity 10326K, committed 10368K, reserved 253952K
}
Event: 76.755 GC heap before
{Heap before GC invocations=30 (full 0):
 garbage-first heap   total 322560K, used 189493K [0x00000000e0000000, 0x0000000100000000)
  region size 1024K, 35 young (35840K), 11 survivors (11264K)
 Metaspace       used 75546K, capacity 77662K, committed 77872K, reserved 321536K
  class space    used 9798K, capacity 10326K, committed 10368K, reserved 253952K
}
Event: 76.777 GC heap after
{Heap after GC invocations=31 (full 0):
 garbage-first heap   total 322560K, used 170031K [0x00000000e0000000, 0x0000000100000000)
  region size 1024K, 11 young (11264K), 11 survivors (11264K)
 Metaspace       used 75546K, capacity 77662K, committed 77872K, reserved 321536K
  class space    used 9798K, capacity 10326K, committed 10368K, reserved 253952K
}

